<?xml version="1.0" encoding="UTF-8"?>
<!-- Generated by org.testng.reporters.JUnitXMLReporter -->
<testsuite ignored="0" hostname="LP-214844616" failures="1" tests="1" name="TestChrome" time="14.094" errors="0" timestamp="2023-07-11T15:30:02 IST">
  <testcase classname="org.hcl.tests.SSLTest" name="verifySSL" time="4.177">
    <failure type="java.lang.AssertionError" message="The following asserts failed:
	title not matching.... expected [Privacy error] but found [Welcome to CAcert.org]">
      <![CDATA[java.lang.AssertionError: The following asserts failed:
title not matching.... expected [Privacy error] but found [Welcome to CAcert.org]
at org.hcl.tests.SSLTest.verifySSL(SSLTest.java:21)
at java.base/java.util.concurrent.ThreadPoolExecutor.runWorker(ThreadPoolExecutor.java:1136)
at java.base/java.util.concurrent.ThreadPoolExecutor$Worker.run(ThreadPoolExecutor.java:635)
at java.base/java.lang.Thread.run(Thread.java:833)
... Removed 14 stack frames]]>
    </failure>
  </testcase> <!-- verifySSL -->
</testsuite> <!-- TestChrome -->
