<html>
<head>
<title>TestNG:  Test</title>
<link href="../testng.css" rel="stylesheet" type="text/css" />
<link href="../my-testng.css" rel="stylesheet" type="text/css" />

<style type="text/css">
.log { display: none;} 
.stack-trace { display: none;} 
</style>
<script type="text/javascript">
<!--
function flip(e) {
  current = e.style.display;
  if (current == 'block') {
    e.style.display = 'none';
    return 0;
  }
  else {
    e.style.display = 'block';
    return 1;
  }
}

function toggleBox(szDivId, elem, msg1, msg2)
{
  var res = -1;  if (document.getElementById) {
    res = flip(document.getElementById(szDivId));
  }
  else if (document.all) {
    // this is the way old msie versions work
    res = flip(document.all[szDivId]);
  }
  if(elem) {
    if(res == 0) elem.innerHTML = msg1; else elem.innerHTML = msg2;
  }

}

function toggleAllBoxes() {
  if (document.getElementsByTagName) {
    d = document.getElementsByTagName('div');
    for (i = 0; i < d.length; i++) {
      if (d[i].className == 'log') {
        flip(d[i]);
      }
    }
  }
}

// -->
</script>

</head>
<body>
<h2 align='center'>Test</h2><table border='1' align="center">
<tr>
<td>Tests passed/Failed/Skipped:</td><td>4/1/0</td>
</tr><tr>
<td>Started on:</td><td>Tue Jul 11 17:28:28 IST 2023</td>
</tr>
<tr><td>Total time:</td><td>123 seconds (123087 ms)</td>
</tr><tr>
<td>Included groups:</td><td></td>
</tr><tr>
<td>Excluded groups:</td><td></td>
</tr>
</table><p/>
<small><i>(Hover the method name to see the test class name)</i></small><p/>
<table width='100%' border='1' class='invocation-failed'>
<tr><td colspan='4' align='center'><b>FAILED TESTS</b></td></tr>
<tr><td><b>Test method</b></td>
<td width="30%"><b>Exception</b></td>
<td width="10%"><b>Time (seconds)</b></td>
<td><b>Instance</b></td>
</tr>
<tr>
<td title='org.hcl.tests.MyntraTest.testSoftAssertion()'><b>testSoftAssertion</b><br>Test class: org.hcl.tests.MyntraTest</td>
<td><div><pre>java.lang.AssertionError: The following asserts failed:
	url is not Matching expected [https://www.myntra.com/mens-watches?f=Categories%3AFitness%20Bands&amp;sort=recommended] but found [https://www.myntra.com/mens-watches?f=Categories%3AFitness%20Bands%3A%3AColor%3ABlack_36454f&amp;sort=discount],
	price is not Matching expected [₹2399] but found [₹1399]
	at org.hcl.tests.MyntraTest.testSoftAssertion(MyntraTest.java:53)
	at java.base/java.util.concurrent.ThreadPoolExecutor.runWorker(ThreadPoolExecutor.java:1136)
	at java.base/java.util.concurrent.ThreadPoolExecutor$Worker.run(ThreadPoolExecutor.java:635)
	at java.base/java.lang.Thread.run(Thread.java:833)
... Removed 14 stack frames</pre></div><a href='#' onClick='toggleBox("stack-trace2015451736", this, "Click to show all stack frames", "Click to hide stack frames")'>Click to show all stack frames</a>
<div class='stack-trace' id='stack-trace2015451736'><pre>java.lang.AssertionError: The following asserts failed:
	url is not Matching expected [https://www.myntra.com/mens-watches?f=Categories%3AFitness%20Bands&amp;sort=recommended] but found [https://www.myntra.com/mens-watches?f=Categories%3AFitness%20Bands%3A%3AColor%3ABlack_36454f&amp;sort=discount],
	price is not Matching expected [₹2399] but found [₹1399]
	at org.testng.asserts.SoftAssert.assertAll(SoftAssert.java:47)
	at org.testng.asserts.SoftAssert.assertAll(SoftAssert.java:31)
	at org.hcl.tests.MyntraTest.testSoftAssertion(MyntraTest.java:53)
	at java.base/jdk.internal.reflect.NativeMethodAccessorImpl.invoke0(Native Method)
	at java.base/jdk.internal.reflect.NativeMethodAccessorImpl.invoke(NativeMethodAccessorImpl.java:77)
	at java.base/jdk.internal.reflect.DelegatingMethodAccessorImpl.invoke(DelegatingMethodAccessorImpl.java:43)
	at java.base/java.lang.reflect.Method.invoke(Method.java:568)
	at org.testng.internal.MethodInvocationHelper.invokeMethod(MethodInvocationHelper.java:133)
	at org.testng.internal.TestInvoker.invokeMethod(TestInvoker.java:598)
	at org.testng.internal.TestInvoker.invokeTestMethod(TestInvoker.java:173)
	at org.testng.internal.MethodRunner.runInSequence(MethodRunner.java:46)
	at org.testng.internal.TestInvoker$MethodInvocationAgent.invoke(TestInvoker.java:824)
	at org.testng.internal.TestInvoker.invokeTestMethods(TestInvoker.java:146)
	at org.testng.internal.TestMethodWorker.invokeTestMethods(TestMethodWorker.java:146)
	at org.testng.internal.TestMethodWorker.run(TestMethodWorker.java:128)
	at java.base/java.util.concurrent.ThreadPoolExecutor.runWorker(ThreadPoolExecutor.java:1136)
	at java.base/java.util.concurrent.ThreadPoolExecutor$Worker.run(ThreadPoolExecutor.java:635)
	at java.base/java.lang.Thread.run(Thread.java:833)
</pre></div></td>
<td>65</td>
<td>org.hcl.tests.MyntraTest@708f5957</td></tr>
</table><p>
<table width='100%' border='1' class='invocation-passed'>
<tr><td colspan='4' align='center'><b>PASSED TESTS</b></td></tr>
<tr><td><b>Test method</b></td>
<td width="30%"><b>Exception</b></td>
<td width="10%"><b>Time (seconds)</b></td>
<td><b>Instance</b></td>
</tr>
<tr>
<td title='org.hcl.tests.YatraTest.testYatra()'><b>testYatra</b><br>Test class: org.hcl.tests.YatraTest</td>
<td></td>
<td>43</td>
<td>org.hcl.tests.YatraTest@47af7f3d</td></tr>
<tr>
<td title='org.hcl.tests.MyntraTest.testMyntra()'><b>testMyntra</b><br>Test class: org.hcl.tests.MyntraTest</td>
<td></td>
<td>79</td>
<td>org.hcl.tests.MyntraTest@708f5957</td></tr>
<tr>
<td title='org.hcl.tests.AlertTest.verifyJSAlert()'><b>verifyJSAlert</b><br>Test class: org.hcl.tests.AlertTest</td>
<td></td>
<td>22</td>
<td>org.hcl.tests.AlertTest@7c729a55</td></tr>
<tr>
<td title='org.hcl.tests.MakeMyTripTest.testMakeMyTrip()'><b>testMakeMyTrip</b><br>Test class: org.hcl.tests.MakeMyTripTest</td>
<td></td>
<td>27</td>
<td>org.hcl.tests.MakeMyTripTest@3bb9a3ff</td></tr>
</table><p>
</body>
</html>